<?xml version="1.0" encoding="UTF-8"?>
<testsuite xmlns:xsi="http://www.w3.org/2001/XMLSchema-instance" xsi:noNamespaceSchemaLocation="https://maven.apache.org/surefire/maven-surefire-plugin/xsd/surefire-test-report-3.0.xsd" version="3.0" name="tn.esprit.tournamentservice.TournamentServiceApplicationTests" time="17.792" tests="1" errors="0" skipped="0" failures="0">
  <properties>
[...]
</properties>
  <testcase name="contextLoads" classname="tn.esprit.tournamentservice.TournamentServiceApplicationTests" time="1.332">
    <system-out><![CDATA[09:22:27.012 [main] INFO org.springframework.test.context.support.AnnotationConfigContextLoaderUtils -- Could not detect default configuration classes for test class [tn.esprit.tournamentservice.TournamentServiceApplicationTests]: TournamentServiceApplicationTests does not declare any static, non-private, non-final, nested classes annotated with @Configuration.
09:22:27.236 [main] INFO org.springframework.boot.test.context.SpringBootTestContextBootstrapper -- Found @SpringBootConfiguration tn.esprit.tournamentservice.TournamentServiceApplication for test class tn.esprit.tournamentservice.TournamentServiceApplicationTests

  .   ____          _            __ _ _
 /\\ / ___'_ __ _ _(_)_ __  __ _ \ \ \ \
( ( )\___ | '_ | '_| | '_ \/ _` | \ \ \ \
 \\/  ___)| |_)| | | | | || (_| |  ) ) ) )
  '  |____| .__|_| |_|_| |_\__, | / / / /
 =========|_|==============|___/=/_/_/_/
 :: Spring Boot ::                (v3.2.5)

2025-04-22 09:22:28 - INFO - t.esprit.tournamentservice.TournamentServiceApplicationTests - Starting TournamentServiceApplicationTests using Java 17.0.14 with PID 3508 (started by Anis in C:\Users\Anis\OneDrive - IP LABEL\Documents\ANIS_CONFIDENTIEL\COURS_ESPRIT\3éme année\PI\StreetLeague\tournament-service) 
2025-04-22 09:22:28 - INFO - t.esprit.tournamentservice.TournamentServiceApplicationTests - No active profile set, falling back to 1 default profile: "default" 
2025-04-22 09:22:30 - INFO - o.s.data.repository.config.RepositoryConfigurationDelegate - Bootstrapping Spring Data JPA repositories in DEFAULT mode. 
2025-04-22 09:22:31 - INFO - o.s.data.repository.config.RepositoryConfigurationDelegate - Finished Spring Data repository scanning in 379 ms. Found 2 JPA repository interfaces. 
2025-04-22 09:22:32 - INFO - org.springframework.cloud.context.scope.GenericScope - BeanFactory id=3e6b53e0-6c9c-3f69-8bc8-36313a3187a8 
2025-04-22 09:22:32 - INFO - org.hibernate.jpa.internal.util.LogHelper - HHH000204: Processing PersistenceUnitInfo [name: default] 
2025-04-22 09:22:33 - INFO - org.hibernate.Version - HHH000412: Hibernate ORM core version 6.4.4.Final 
2025-04-22 09:22:33 - INFO - org.hibernate.cache.internal.RegionFactoryInitiator - HHH000026: Second-level cache disabled 
2025-04-22 09:22:33 - INFO - o.s.orm.jpa.persistenceunit.SpringPersistenceUnitInfo - No LoadTimeWeaver setup: ignoring JPA class transformer 
2025-04-22 09:22:34 - INFO - com.zaxxer.hikari.HikariDataSource - HikariPool-1 - Starting... 
2025-04-22 09:22:34 - INFO - com.zaxxer.hikari.pool.HikariPool - HikariPool-1 - Added connection com.mysql.cj.jdbc.ConnectionImpl@7f70e244 
2025-04-22 09:22:34 - INFO - com.zaxxer.hikari.HikariDataSource - HikariPool-1 - Start completed. 
2025-04-22 09:22:34 - WARN - org.hibernate.dialect.Dialect - HHH000511: The 5.5.0 version for [org.hibernate.dialect.MySQLDialect] is no longer supported, hence certain features may not work properly. The minimum supported version is 8.0.0. Check the community dialects project for available legacy versions. 
2025-04-22 09:22:36 - INFO - o.h.e.transaction.jta.platform.internal.JtaPlatformInitiator - HHH000489: No JTA platform available (set 'hibernate.transaction.jta.platform' to enable JTA platform integration) 
2025-04-22 09:22:36 - INFO - o.s.orm.jpa.LocalContainerEntityManagerFactoryBean - Initialized JPA EntityManagerFactory for persistence unit 'default' 
2025-04-22 09:22:37 - WARN - o.s.b.a.orm.jpa.JpaBaseConfiguration$JpaWebConfiguration - spring.jpa.open-in-view is enabled by default. Therefore, database queries may be performed during view rendering. Explicitly configure spring.jpa.open-in-view to disable this warning 
2025-04-22 09:22:38 - INFO - org.springframework.cloud.openfeign.FeignClientFactoryBean - For 'ScedulingService' URL not provided. Will try picking an instance via load-balancing. 
2025-04-22 09:22:41 - INFO - o.s.c.n.e.config.DiscoveryClientOptionalArgsConfiguration - Eureka HTTP Client uses RestTemplate. 
2025-04-22 09:22:41 - WARN - o.s.c.l.c.LoadBalancerCacheAutoConfiguration$LoadBalancerCaffeineWarnLogger - Spring Cloud LoadBalancer is currently working with the default cache. While this cache implementation is useful for development and tests, it's recommended to use Caffeine cache in production.You can switch to using Caffeine cache, by adding it and org.springframework.cache.caffeine.CaffeineCacheManager to the classpath. 
2025-04-22 09:22:41 - INFO - o.springframework.cloud.netflix.eureka.InstanceInfoFactory - Setting initial instance status as: STARTING 
2025-04-22 09:22:41 - INFO - com.netflix.discovery.DiscoveryClient - Initializing Eureka in region us-east-1 
2025-04-22 09:22:41 - INFO - c.n.discovery.shared.resolver.aws.ConfigClusterResolver - Resolving eureka endpoints via configuration 
2025-04-22 09:22:41 - INFO - com.netflix.discovery.DiscoveryClient - Disable delta property : false 
2025-04-22 09:22:41 - INFO - com.netflix.discovery.DiscoveryClient - Single vip registry refresh property : null 
2025-04-22 09:22:41 - INFO - com.netflix.discovery.DiscoveryClient - Force full registry fetch : false 
2025-04-22 09:22:41 - INFO - com.netflix.discovery.DiscoveryClient - Application is null : false 
2025-04-22 09:22:41 - INFO - com.netflix.discovery.DiscoveryClient - Registered Applications size is zero : true 
2025-04-22 09:22:41 - INFO - com.netflix.discovery.DiscoveryClient - Application version is -1: true 
2025-04-22 09:22:41 - INFO - com.netflix.discovery.DiscoveryClient - Getting all instance registry info from the eureka server 
2025-04-22 09:22:42 - INFO - com.netflix.discovery.DiscoveryClient - The response status is 200 
2025-04-22 09:22:42 - INFO - com.netflix.discovery.DiscoveryClient - Starting heartbeat executor: renew interval is: 30 
2025-04-22 09:22:42 - INFO - com.netflix.discovery.InstanceInfoReplicator - InstanceInfoReplicator onDemand update allowed rate per min is 4 
2025-04-22 09:22:42 - INFO - com.netflix.discovery.DiscoveryClient - Discovery Client initialized at timestamp 1745310162981 with initial instances count: 2 
2025-04-22 09:22:42 - INFO - o.s.c.netflix.eureka.serviceregistry.EurekaServiceRegistry - Registering application TOURNAMENT-SERVICE with eureka with status UP 
2025-04-22 09:22:42 - INFO - com.netflix.discovery.DiscoveryClient - Saw local status change event StatusChangeEvent [timestamp=1745310162998, current=UP, previous=STARTING] 
2025-04-22 09:22:43 - INFO - com.netflix.discovery.DiscoveryClient - DiscoveryClient_TOURNAMENT-SERVICE/LAPTOP-8R47UNJJ:tournament-service:8082: registering service... 
2025-04-22 09:22:43 - INFO - t.esprit.tournamentservice.TournamentServiceApplicationTests - Started TournamentServiceApplicationTests in 15.123 seconds (process running for 17.972) 
2025-04-22 09:22:43 - INFO - com.netflix.discovery.DiscoveryClient - DiscoveryClient_TOURNAMENT-SERVICE/LAPTOP-8R47UNJJ:tournament-service:8082 - registration status: 204 
]]></system-out>
  </testcase>
</testsuite>